Using pre-set license
Built from '2020.3/staging' branch; Version is '2020.3.4f1 (0abb6314276a) revision 703331'; Using compiler version '192528614'; Build Type 'Release'
OS: 'Windows 10 Enterprise; OS build 19042.572; Version 2009; 64bit' Language: 'es' Physical Memory: 7915 MB
BatchMode: 1, IsHumanControllingUs: 0, StartBugReporterOnCrash: 0, Is64bit: 1, IsPro: 0

 COMMAND LINE ARGUMENTS:
C:\Program Files\Unity\Editor\Unity.exe
-adb2
-batchMode
-noUpm
-name
AssetImportWorker0
-projectPath
C:/Users/Anita/Desktop/CommandPatternTutorial
-logFile
Logs/AssetImportWorker0.log
-srvPort
60271
Successfully changed project path to: C:/Users/Anita/Desktop/CommandPatternTutorial
C:/Users/Anita/Desktop/CommandPatternTutorial
Using Asset Import Pipeline V2.
Refreshing native plugins compatible for Editor in 55.78 ms, found 0 plugins.
Preloading 0 native plugins for Editor in 0.00 ms.
Initialize engine version: 2020.3.4f1 (0abb6314276a)
[Subsystems] Discovering subsystems at path C:/Program Files/Unity/Editor/Data/Resources/UnitySubsystems
[Subsystems] Discovering subsystems at path C:/Users/Anita/Desktop/CommandPatternTutorial/Assets
GfxDevice: creating device client; threaded=0
Direct3D:
    Version:  Direct3D 11.0 [level 11.1]
    Renderer: Radeon (TM) HD 8670M (ID=0x6660)
    Vendor:   
    VRAM:     2036 MB
    Driver:   15.201.1101.0
Initialize mono
Mono path[0] = 'C:/Program Files/Unity/Editor/Data/Managed'
Mono path[1] = 'C:/Program Files/Unity/Editor/Data/MonoBleedingEdge/lib/mono/unityjit'
Mono config path = 'C:/Program Files/Unity/Editor/Data/MonoBleedingEdge/etc'
Using monoOptions --debugger-agent=transport=dt_socket,embedding=1,server=y,suspend=n,address=127.0.0.1:56128
Begin MonoManager ReloadAssembly
Registering precompiled unity dll's ...
Register platform support module: C:/Program Files/Unity/Editor/Data/PlaybackEngines/WindowsStandaloneSupport/UnityEditor.WindowsStandalone.Extensions.dll
Registered in 0.005466 seconds.
Native extension for WindowsStandalone target not found
Refreshing native plugins compatible for Editor in 41.27 ms, found 0 plugins.
Preloading 0 native plugins for Editor in 0.00 ms.
Mono: successfully reloaded assembly
- Completed reload, in  1.875 seconds
Platform modules already initialized, skipping
Registering precompiled user dll's ...
Registered in 0.001280 seconds.
Begin MonoManager ReloadAssembly
Native extension for WindowsStandalone target not found
Refreshing native plugins compatible for Editor in 0.30 ms, found 0 plugins.
Preloading 0 native plugins for Editor in 0.00 ms.
Mono: successfully reloaded assembly
- Completed reload, in  1.381 seconds
Platform modules already initialized, skipping
========================================================================
Worker process is ready to serve import requests
Launched and connected shader compiler UnityShaderCompiler.exe after 0.23 seconds
Refreshing native plugins compatible for Editor in 0.26 ms, found 0 plugins.
Preloading 0 native plugins for Editor in 0.00 ms.
Unloading 1124 Unused Serialized files (Serialized files now loaded: 0)
System memory in use before: 57.3 MB.
System memory in use after: 57.3 MB.

Unloading 9 unused Assets to reduce memory usage. Loaded Objects now: 1567.
Total: 3.476100 ms (FindLiveObjects: 0.458900 ms CreateObjectMapping: 0.110400 ms MarkObjects: 2.772800 ms  DeleteObjects: 0.130800 ms)

========================================================================
Received Import Request.
  path: Assets/Scripts/CubeController.cs
  artifactKey: Guid(c34477b2f6b3a6840b0c3755cb74070d) Importer(815301076,1909f56bfc062723c751e8b465ee728b)
Start importing Assets/Scripts/CubeController.cs using Guid(c34477b2f6b3a6840b0c3755cb74070d) Importer(815301076,1909f56bfc062723c751e8b465ee728b)  -> (artifact id: 'bf20ea158a66fa757cf0d7e7da5819d9') in 0.227281 seconds
  Import took 0.230407 seconds .

========================================================================
Received Import Request.
  Time since last request: 0.044316 seconds.
  path: Assets/Scripts
  artifactKey: Guid(2e4d90558cf5e2e4885ff15eb260600b) Importer(815301076,1909f56bfc062723c751e8b465ee728b)
Start importing Assets/Scripts using Guid(2e4d90558cf5e2e4885ff15eb260600b) Importer(815301076,1909f56bfc062723c751e8b465ee728b)  -> (artifact id: 'b02f5dd50cc2e230ee1fec6f1ade2838') in 0.012859 seconds
  Import took 0.015807 seconds .

========================================================================
Received Import Request.
  Time since last request: 10.711716 seconds.
  path: Assets/Scripts/InputHandler.cs
  artifactKey: Guid(1a97d6a9490e8f7478d8aa945a0f4c0e) Importer(815301076,1909f56bfc062723c751e8b465ee728b)
Start importing Assets/Scripts/InputHandler.cs using Guid(1a97d6a9490e8f7478d8aa945a0f4c0e) Importer(815301076,1909f56bfc062723c751e8b465ee728b)  -> (artifact id: '86a364a0560eb23daad1960f3f4935b7') in 0.016745 seconds
  Import took 0.024043 seconds .

========================================================================
Received Import Request.
  Time since last request: 0.003665 seconds.
  path: Assets/Scripts/InputHandler.cs
  artifactKey: Guid(1a97d6a9490e8f7478d8aa945a0f4c0e) Importer(815301076,1909f56bfc062723c751e8b465ee728b)
Start importing Assets/Scripts/InputHandler.cs using Guid(1a97d6a9490e8f7478d8aa945a0f4c0e) Importer(815301076,1909f56bfc062723c751e8b465ee728b)  -> (artifact id: '86a364a0560eb23daad1960f3f4935b7') in 0.008742 seconds
  Import took 0.012530 seconds .

========================================================================
Received Prepare
Registering precompiled user dll's ...
Registered in 0.001248 seconds.
Begin MonoManager ReloadAssembly
Native extension for WindowsStandalone target not found
Refreshing native plugins compatible for Editor in 0.35 ms, found 0 plugins.
Preloading 0 native plugins for Editor in 0.00 ms.
Mono: successfully reloaded assembly
- Completed reload, in  1.313 seconds
Platform modules already initialized, skipping
Refreshing native plugins compatible for Editor in 0.29 ms, found 0 plugins.
Preloading 0 native plugins for Editor in 0.00 ms.
Unloading 1118 Unused Serialized files (Serialized files now loaded: 0)
System memory in use before: 57.0 MB.
System memory in use after: 57.1 MB.

Unloading 4 unused Assets to reduce memory usage. Loaded Objects now: 1570.
Total: 2.213400 ms (FindLiveObjects: 0.224800 ms CreateObjectMapping: 0.054500 ms MarkObjects: 1.911100 ms  DeleteObjects: 0.020000 ms)

AssetImportWorkerClient::OnTransportError - code=2 error=End of file
